<?xml version="1.0" encoding="UTF-8"?>
<!-- Generated by org.testng.reporters.JUnitReportReporter -->
<testsuite skipped="0" hostname="DESKTOP-0BU2OA6" name="com.codistan.qaclass01.mavenrevise2.MavenRevise2" tests="1" failures="0" timestamp="23 Jan 2018 00:16:31 GMT" time="7.152" errors="0">
  <testcase name="Ebay" time="7.152" classname="com.codistan.qaclass01.mavenrevise2.MavenRevise2"/>
</testsuite> <!-- com.codistan.qaclass01.mavenrevise2.MavenRevise2 -->
